Setup: 'clock_50_1' report for BitcoinMiner
Tue Dec 16 22:15:03 2014
Quartus II 32-bit Version 13.0.1 Build 232 06/12/2013 Service Pack 1 SJ Full Version


---------------------
; Table of Contents ;
---------------------
  1. Legal Notice
  2. Slow 1200mV 0C Model Setup: 'clock_50_1'



----------------
; Legal Notice ;
----------------
Copyright (C) 1991-2013 Altera Corporation
Your use of Altera Corporation's design tools, logic functions 
and other software and tools, and its AMPP partner logic 
functions, and any output files from any of the foregoing 
(including device programming or simulation files), and any 
associated documentation or information are expressly subject 
to the terms and conditions of the Altera Program License 
Subscription Agreement, Altera MegaCore Function License 
Agreement, or other applicable license agreement, including, 
without limitation, that your use is for the sole purpose of 
programming logic devices manufactured by Altera and sold by 
Altera or its authorized distributors.  Please refer to the 
applicable agreement for further details.



+-----------------------------------------------------------------------------------------------------------------------------------------------------------------------------------------------------------------------------------------------------------------------------------------+
; Slow 1200mV 0C Model Setup: 'clock_50_1'                                                                                                                                                                                                                                                ;
+-------+-----------------------------------------------------------------------------------------------------+-----------------------------------------------------------------------------------------------------+--------------+-------------+--------------+------------+------------+
; Slack ; From Node                                                                                           ; To Node                                                                                             ; Launch Clock ; Latch Clock ; Relationship ; Clock Skew ; Data Delay ;
+-------+-----------------------------------------------------------------------------------------------------+-----------------------------------------------------------------------------------------------------+--------------+-------------+--------------+------------+------------+
; 1.709 ; design_core:design_core_inst|sha_block:SHA|cycleCounter:cycleCounter|counter:cntr|q_cnt[1]          ; design_core:design_core_inst|sha_block:SHA|sha_core:cre[0].core|sha256:sha256Block|currentWord[28]  ; clock_50_1   ; clock_50_1  ; 20.000       ; -0.082     ; 18.208     ;
; 1.727 ; design_core:design_core_inst|sha_block:SHA|cycleCounter:cycleCounter|counter:cntr|q_cnt[4]          ; design_core:design_core_inst|sha_block:SHA|sha_core:cre[0].core|sha256:sha256Block|currentWord[28]  ; clock_50_1   ; clock_50_1  ; 20.000       ; -0.082     ; 18.190     ;
; 1.747 ; design_core:design_core_inst|sha_block:SHA|cycleCounter:cycleCounter|counter:cntr|q_cnt[0]          ; design_core:design_core_inst|sha_block:SHA|sha_core:cre[0].core|sha256:sha256Block|currentWord[28]  ; clock_50_1   ; clock_50_1  ; 20.000       ; -0.082     ; 18.170     ;
; 1.780 ; design_core:design_core_inst|sha_block:SHA|cycleCounter:cycleCounter|counter:cntr|q_cnt[2]          ; design_core:design_core_inst|sha_block:SHA|sha_core:cre[0].core|sha256:sha256Block|currentWord[28]  ; clock_50_1   ; clock_50_1  ; 20.000       ; -0.082     ; 18.137     ;
; 1.878 ; design_core:design_core_inst|sha_block:SHA|cycleCounter:cycleCounter|counter:cntr|q_cnt[1]          ; design_core:design_core_inst|sha_block:SHA|sha_core:cre[0].core|sha256:sha256Block|currentWord[31]  ; clock_50_1   ; clock_50_1  ; 20.000       ; 0.234      ; 18.355     ;
; 1.882 ; design_core:design_core_inst|sha_block:SHA|cycleCounter:cycleCounter|counter:cntr|q_cnt[1]          ; design_core:design_core_inst|sha_block:SHA|sha_core:cre[0].core|sha256:sha256Block|currentWord[30]  ; clock_50_1   ; clock_50_1  ; 20.000       ; 0.270      ; 18.387     ;
; 1.896 ; design_core:design_core_inst|sha_block:SHA|cycleCounter:cycleCounter|counter:cntr|q_cnt[4]          ; design_core:design_core_inst|sha_block:SHA|sha_core:cre[0].core|sha256:sha256Block|currentWord[31]  ; clock_50_1   ; clock_50_1  ; 20.000       ; 0.234      ; 18.337     ;
; 1.900 ; design_core:design_core_inst|sha_block:SHA|cycleCounter:cycleCounter|counter:cntr|q_cnt[4]          ; design_core:design_core_inst|sha_block:SHA|sha_core:cre[0].core|sha256:sha256Block|currentWord[30]  ; clock_50_1   ; clock_50_1  ; 20.000       ; 0.270      ; 18.369     ;
; 1.908 ; design_core:design_core_inst|sha_block:SHA|cycleCounter:cycleCounter|counter:cntr|q_cnt[1]          ; design_core:design_core_inst|sha_block:SHA|sha_core:cre[0].core|sha256:sha256Block|currentWord[159] ; clock_50_1   ; clock_50_1  ; 20.000       ; 0.226      ; 18.317     ;
; 1.916 ; design_core:design_core_inst|sha_block:SHA|cycleCounter:cycleCounter|counter:cntr|q_cnt[0]          ; design_core:design_core_inst|sha_block:SHA|sha_core:cre[0].core|sha256:sha256Block|currentWord[31]  ; clock_50_1   ; clock_50_1  ; 20.000       ; 0.234      ; 18.317     ;
; 1.920 ; design_core:design_core_inst|sha_block:SHA|sha_core:cre[0].core|sha256:sha256Block|currentData[166] ; design_core:design_core_inst|sha_block:SHA|sha_core:cre[0].core|sha256:sha256Block|currentWord[28]  ; clock_50_1   ; clock_50_1  ; 20.000       ; -0.092     ; 17.987     ;
; 1.920 ; design_core:design_core_inst|sha_block:SHA|cycleCounter:cycleCounter|counter:cntr|q_cnt[0]          ; design_core:design_core_inst|sha_block:SHA|sha_core:cre[0].core|sha256:sha256Block|currentWord[30]  ; clock_50_1   ; clock_50_1  ; 20.000       ; 0.270      ; 18.349     ;
; 1.949 ; design_core:design_core_inst|sha_block:SHA|cycleCounter:cycleCounter|counter:cntr|q_cnt[2]          ; design_core:design_core_inst|sha_block:SHA|sha_core:cre[0].core|sha256:sha256Block|currentWord[31]  ; clock_50_1   ; clock_50_1  ; 20.000       ; 0.234      ; 18.284     ;
; 1.949 ; design_core:design_core_inst|sha_block:SHA|cycleCounter:cycleCounter|counter:cntr|q_cnt[4]          ; design_core:design_core_inst|sha_block:SHA|sha_core:cre[0].core|sha256:sha256Block|currentWord[159] ; clock_50_1   ; clock_50_1  ; 20.000       ; 0.226      ; 18.276     ;
; 1.953 ; design_core:design_core_inst|sha_block:SHA|cycleCounter:cycleCounter|counter:cntr|q_cnt[2]          ; design_core:design_core_inst|sha_block:SHA|sha_core:cre[0].core|sha256:sha256Block|currentWord[30]  ; clock_50_1   ; clock_50_1  ; 20.000       ; 0.270      ; 18.316     ;
; 1.967 ; design_core:design_core_inst|sha_block:SHA|cycleCounter:cycleCounter|counter:cntr|q_cnt[1]          ; design_core:design_core_inst|sha_block:SHA|sha_core:cre[0].core|sha256:sha256Block|currentWord[156] ; clock_50_1   ; clock_50_1  ; 20.000       ; -0.082     ; 17.950     ;
; 1.968 ; design_core:design_core_inst|sha_block:SHA|cycleCounter:cycleCounter|counter:cntr|q_cnt[0]          ; design_core:design_core_inst|sha_block:SHA|sha_core:cre[0].core|sha256:sha256Block|currentWord[159] ; clock_50_1   ; clock_50_1  ; 20.000       ; 0.226      ; 18.257     ;
; 1.969 ; design_core:design_core_inst|sha_block:SHA|cycleCounter:cycleCounter|counter:cntr|q_cnt[3]          ; design_core:design_core_inst|sha_block:SHA|sha_core:cre[0].core|sha256:sha256Block|currentWord[28]  ; clock_50_1   ; clock_50_1  ; 20.000       ; -0.082     ; 17.948     ;
; 1.985 ; design_core:design_core_inst|sha_block:SHA|cycleCounter:cycleCounter|counter:cntr|q_cnt[4]          ; design_core:design_core_inst|sha_block:SHA|sha_core:cre[0].core|sha256:sha256Block|currentWord[156] ; clock_50_1   ; clock_50_1  ; 20.000       ; -0.082     ; 17.932     ;
; 1.986 ; design_core:design_core_inst|sha_block:SHA|cycleCounter:cycleCounter|counter:cntr|q_cnt[1]          ; design_core:design_core_inst|sha_block:SHA|sha_core:cre[0].core|sha256:sha256Block|currentWord[24]  ; clock_50_1   ; clock_50_1  ; 20.000       ; -0.116     ; 17.897     ;
; 2.002 ; design_core:design_core_inst|sha_block:SHA|cycleCounter:cycleCounter|counter:cntr|q_cnt[2]          ; design_core:design_core_inst|sha_block:SHA|sha_core:cre[0].core|sha256:sha256Block|currentWord[159] ; clock_50_1   ; clock_50_1  ; 20.000       ; 0.226      ; 18.223     ;
; 2.004 ; design_core:design_core_inst|sha_block:SHA|cycleCounter:cycleCounter|counter:cntr|q_cnt[4]          ; design_core:design_core_inst|sha_block:SHA|sha_core:cre[0].core|sha256:sha256Block|currentWord[24]  ; clock_50_1   ; clock_50_1  ; 20.000       ; -0.116     ; 17.879     ;
; 2.005 ; design_core:design_core_inst|sha_block:SHA|cycleCounter:cycleCounter|counter:cntr|q_cnt[0]          ; design_core:design_core_inst|sha_block:SHA|sha_core:cre[0].core|sha256:sha256Block|currentWord[156] ; clock_50_1   ; clock_50_1  ; 20.000       ; -0.082     ; 17.912     ;
; 2.024 ; design_core:design_core_inst|sha_block:SHA|cycleCounter:cycleCounter|counter:cntr|q_cnt[0]          ; design_core:design_core_inst|sha_block:SHA|sha_core:cre[0].core|sha256:sha256Block|currentWord[24]  ; clock_50_1   ; clock_50_1  ; 20.000       ; -0.116     ; 17.859     ;
; 2.025 ; design_core:design_core_inst|sha_block:SHA|sha_core:cre[0].core|sha256:sha256Block|currentData[134] ; design_core:design_core_inst|sha_block:SHA|sha_core:cre[0].core|sha256:sha256Block|currentWord[28]  ; clock_50_1   ; clock_50_1  ; 20.000       ; -0.092     ; 17.882     ;
; 2.038 ; design_core:design_core_inst|sha_block:SHA|cycleCounter:cycleCounter|counter:cntr|q_cnt[2]          ; design_core:design_core_inst|sha_block:SHA|sha_core:cre[0].core|sha256:sha256Block|currentWord[156] ; clock_50_1   ; clock_50_1  ; 20.000       ; -0.082     ; 17.879     ;
; 2.057 ; design_core:design_core_inst|sha_block:SHA|cycleCounter:cycleCounter|counter:cntr|q_cnt[2]          ; design_core:design_core_inst|sha_block:SHA|sha_core:cre[0].core|sha256:sha256Block|currentWord[24]  ; clock_50_1   ; clock_50_1  ; 20.000       ; -0.116     ; 17.826     ;
; 2.071 ; design_core:design_core_inst|sha_block:SHA|cycleCounter:cycleCounter|counter:cntr|q_cnt[1]          ; design_core:design_core_inst|sha_block:SHA|sha_core:cre[0].core|sha256:sha256Block|currentData[31]  ; clock_50_1   ; clock_50_1  ; 20.000       ; -0.082     ; 17.846     ;
; 2.085 ; design_core:design_core_inst|sha_block:SHA|cycleCounter:cycleCounter|counter:cntr|q_cnt[1]          ; design_core:design_core_inst|sha_block:SHA|sha_core:cre[0].core|sha256:sha256Block|currentWord[29]  ; clock_50_1   ; clock_50_1  ; 20.000       ; 0.239      ; 18.153     ;
; 2.093 ; design_core:design_core_inst|sha_block:SHA|sha_core:cre[0].core|sha256:sha256Block|currentData[166] ; design_core:design_core_inst|sha_block:SHA|sha_core:cre[0].core|sha256:sha256Block|currentWord[30]  ; clock_50_1   ; clock_50_1  ; 20.000       ; 0.260      ; 18.166     ;
; 2.096 ; design_core:design_core_inst|sha_block:SHA|cycleCounter:cycleCounter|counter:cntr|q_cnt[1]          ; design_core:design_core_inst|sha_block:SHA|sha_core:cre[0].core|sha256:sha256Block|currentWord[157] ; clock_50_1   ; clock_50_1  ; 20.000       ; -0.112     ; 17.791     ;
; 2.101 ; design_core:design_core_inst|sha_block:SHA|cycleCounter:cycleCounter|counter:cntr|q_cnt[1]          ; design_core:design_core_inst|sha_block:SHA|sha_core:cre[0].core|sha256:sha256Block|currentWord[23]  ; clock_50_1   ; clock_50_1  ; 20.000       ; -0.113     ; 17.785     ;
; 2.103 ; design_core:design_core_inst|sha_block:SHA|cycleCounter:cycleCounter|counter:cntr|q_cnt[4]          ; design_core:design_core_inst|sha_block:SHA|sha_core:cre[0].core|sha256:sha256Block|currentWord[29]  ; clock_50_1   ; clock_50_1  ; 20.000       ; 0.239      ; 18.135     ;
; 2.108 ; design_core:design_core_inst|sha_block:SHA|sha_core:cre[0].core|sha256:sha256Block|currentData[166] ; design_core:design_core_inst|sha_block:SHA|sha_core:cre[0].core|sha256:sha256Block|currentWord[31]  ; clock_50_1   ; clock_50_1  ; 20.000       ; 0.243      ; 18.134     ;
; 2.112 ; design_core:design_core_inst|sha_block:SHA|cycleCounter:cycleCounter|counter:cntr|q_cnt[4]          ; design_core:design_core_inst|sha_block:SHA|sha_core:cre[0].core|sha256:sha256Block|currentData[31]  ; clock_50_1   ; clock_50_1  ; 20.000       ; -0.082     ; 17.805     ;
; 2.114 ; design_core:design_core_inst|sha_block:SHA|cycleCounter:cycleCounter|counter:cntr|q_cnt[4]          ; design_core:design_core_inst|sha_block:SHA|sha_core:cre[0].core|sha256:sha256Block|currentWord[157] ; clock_50_1   ; clock_50_1  ; 20.000       ; -0.112     ; 17.773     ;
; 2.116 ; design_core:design_core_inst|sha_block:SHA|cycleCounter:cycleCounter|counter:cntr|q_cnt[3]          ; design_core:design_core_inst|sha_block:SHA|sha_core:cre[0].core|sha256:sha256Block|currentWord[159] ; clock_50_1   ; clock_50_1  ; 20.000       ; 0.226      ; 18.109     ;
; 2.119 ; design_core:design_core_inst|sha_block:SHA|cycleCounter:cycleCounter|counter:cntr|q_cnt[4]          ; design_core:design_core_inst|sha_block:SHA|sha_core:cre[0].core|sha256:sha256Block|currentWord[23]  ; clock_50_1   ; clock_50_1  ; 20.000       ; -0.113     ; 17.767     ;
; 2.123 ; design_core:design_core_inst|sha_block:SHA|cycleCounter:cycleCounter|counter:cntr|q_cnt[0]          ; design_core:design_core_inst|sha_block:SHA|sha_core:cre[0].core|sha256:sha256Block|currentWord[29]  ; clock_50_1   ; clock_50_1  ; 20.000       ; 0.239      ; 18.115     ;
; 2.131 ; design_core:design_core_inst|sha_block:SHA|cycleCounter:cycleCounter|counter:cntr|q_cnt[0]          ; design_core:design_core_inst|sha_block:SHA|sha_core:cre[0].core|sha256:sha256Block|currentData[31]  ; clock_50_1   ; clock_50_1  ; 20.000       ; -0.082     ; 17.786     ;
; 2.134 ; design_core:design_core_inst|sha_block:SHA|cycleCounter:cycleCounter|counter:cntr|q_cnt[0]          ; design_core:design_core_inst|sha_block:SHA|sha_core:cre[0].core|sha256:sha256Block|currentWord[157] ; clock_50_1   ; clock_50_1  ; 20.000       ; -0.112     ; 17.753     ;
; 2.138 ; design_core:design_core_inst|sha_block:SHA|cycleCounter:cycleCounter|counter:cntr|q_cnt[3]          ; design_core:design_core_inst|sha_block:SHA|sha_core:cre[0].core|sha256:sha256Block|currentWord[31]  ; clock_50_1   ; clock_50_1  ; 20.000       ; 0.234      ; 18.095     ;
; 2.139 ; design_core:design_core_inst|sha_block:SHA|cycleCounter:cycleCounter|counter:cntr|q_cnt[0]          ; design_core:design_core_inst|sha_block:SHA|sha_core:cre[0].core|sha256:sha256Block|currentWord[23]  ; clock_50_1   ; clock_50_1  ; 20.000       ; -0.113     ; 17.747     ;
; 2.142 ; design_core:design_core_inst|sha_block:SHA|sha_core:cre[0].core|sha256:sha256Block|currentData[166] ; design_core:design_core_inst|sha_block:SHA|sha_core:cre[0].core|sha256:sha256Block|currentWord[159] ; clock_50_1   ; clock_50_1  ; 20.000       ; 0.235      ; 18.092     ;
; 2.142 ; design_core:design_core_inst|sha_block:SHA|cycleCounter:cycleCounter|counter:cntr|q_cnt[3]          ; design_core:design_core_inst|sha_block:SHA|sha_core:cre[0].core|sha256:sha256Block|currentWord[30]  ; clock_50_1   ; clock_50_1  ; 20.000       ; 0.270      ; 18.127     ;
; 2.156 ; design_core:design_core_inst|sha_block:SHA|cycleCounter:cycleCounter|counter:cntr|q_cnt[2]          ; design_core:design_core_inst|sha_block:SHA|sha_core:cre[0].core|sha256:sha256Block|currentWord[29]  ; clock_50_1   ; clock_50_1  ; 20.000       ; 0.239      ; 18.082     ;
; 2.165 ; design_core:design_core_inst|sha_block:SHA|cycleCounter:cycleCounter|counter:cntr|q_cnt[2]          ; design_core:design_core_inst|sha_block:SHA|sha_core:cre[0].core|sha256:sha256Block|currentData[31]  ; clock_50_1   ; clock_50_1  ; 20.000       ; -0.082     ; 17.752     ;
; 2.167 ; design_core:design_core_inst|sha_block:SHA|cycleCounter:cycleCounter|counter:cntr|q_cnt[2]          ; design_core:design_core_inst|sha_block:SHA|sha_core:cre[0].core|sha256:sha256Block|currentWord[157] ; clock_50_1   ; clock_50_1  ; 20.000       ; -0.112     ; 17.720     ;
; 2.172 ; design_core:design_core_inst|sha_block:SHA|cycleCounter:cycleCounter|counter:cntr|q_cnt[2]          ; design_core:design_core_inst|sha_block:SHA|sha_core:cre[0].core|sha256:sha256Block|currentWord[23]  ; clock_50_1   ; clock_50_1  ; 20.000       ; -0.113     ; 17.714     ;
; 2.178 ; design_core:design_core_inst|sha_block:SHA|sha_core:cre[0].core|sha256:sha256Block|currentData[166] ; design_core:design_core_inst|sha_block:SHA|sha_core:cre[0].core|sha256:sha256Block|currentWord[156] ; clock_50_1   ; clock_50_1  ; 20.000       ; -0.092     ; 17.729     ;
; 2.183 ; design_core:design_core_inst|sha_block:SHA|sha_core:cre[0].core|sha256:sha256Block|currentData[198] ; design_core:design_core_inst|sha_block:SHA|sha_core:cre[0].core|sha256:sha256Block|currentWord[28]  ; clock_50_1   ; clock_50_1  ; 20.000       ; -0.092     ; 17.724     ;
; 2.198 ; design_core:design_core_inst|sha_block:SHA|sha_core:cre[0].core|sha256:sha256Block|currentData[134] ; design_core:design_core_inst|sha_block:SHA|sha_core:cre[0].core|sha256:sha256Block|currentWord[30]  ; clock_50_1   ; clock_50_1  ; 20.000       ; 0.260      ; 18.061     ;
; 2.213 ; design_core:design_core_inst|sha_block:SHA|sha_core:cre[0].core|sha256:sha256Block|currentData[134] ; design_core:design_core_inst|sha_block:SHA|sha_core:cre[0].core|sha256:sha256Block|currentWord[31]  ; clock_50_1   ; clock_50_1  ; 20.000       ; 0.243      ; 18.029     ;
; 2.215 ; design_core:design_core_inst|sha_block:SHA|cycleCounter:cycleCounter|counter:cntr|q_cnt[1]          ; design_core:design_core_inst|sha_block:SHA|sha_core:cre[0].core|sha256:sha256Block|currentData[28]  ; clock_50_1   ; clock_50_1  ; 20.000       ; -0.091     ; 17.693     ;
; 2.216 ; design_core:design_core_inst|sha_block:SHA|sha_core:cre[0].core|sha256:sha256Block|currentData[166] ; design_core:design_core_inst|sha_block:SHA|sha_core:cre[0].core|sha256:sha256Block|currentWord[24]  ; clock_50_1   ; clock_50_1  ; 20.000       ; -0.107     ; 17.676     ;
; 2.223 ; design_core:design_core_inst|sha_block:SHA|cycleCounter:cycleCounter|counter:cntr|q_cnt[1]          ; design_core:design_core_inst|sha_block:SHA|sha_core:cre[0].core|sha256:sha256Block|currentWord[20]  ; clock_50_1   ; clock_50_1  ; 20.000       ; -0.116     ; 17.660     ;
; 2.225 ; design_core:design_core_inst|sha_block:SHA|cycleCounter:cycleCounter|counter:cntr|q_cnt[3]          ; design_core:design_core_inst|sha_block:SHA|sha_core:cre[0].core|sha256:sha256Block|currentWord[156] ; clock_50_1   ; clock_50_1  ; 20.000       ; -0.082     ; 17.692     ;
; 2.233 ; design_core:design_core_inst|sha_block:SHA|cycleCounter:cycleCounter|counter:cntr|q_cnt[4]          ; design_core:design_core_inst|sha_block:SHA|sha_core:cre[0].core|sha256:sha256Block|currentData[28]  ; clock_50_1   ; clock_50_1  ; 20.000       ; -0.091     ; 17.675     ;
; 2.238 ; design_core:design_core_inst|sha_block:SHA|sha_core:cre[0].core|sha256:sha256Block|currentData[168] ; design_core:design_core_inst|sha_block:SHA|sha_core:cre[0].core|sha256:sha256Block|currentWord[28]  ; clock_50_1   ; clock_50_1  ; 20.000       ; -0.092     ; 17.669     ;
; 2.241 ; design_core:design_core_inst|sha_block:SHA|cycleCounter:cycleCounter|counter:cntr|q_cnt[4]          ; design_core:design_core_inst|sha_block:SHA|sha_core:cre[0].core|sha256:sha256Block|currentWord[20]  ; clock_50_1   ; clock_50_1  ; 20.000       ; -0.116     ; 17.642     ;
; 2.246 ; design_core:design_core_inst|sha_block:SHA|cycleCounter:cycleCounter|counter:cntr|q_cnt[3]          ; design_core:design_core_inst|sha_block:SHA|sha_core:cre[0].core|sha256:sha256Block|currentWord[24]  ; clock_50_1   ; clock_50_1  ; 20.000       ; -0.116     ; 17.637     ;
; 2.247 ; design_core:design_core_inst|sha_block:SHA|sha_core:cre[0].core|sha256:sha256Block|currentData[134] ; design_core:design_core_inst|sha_block:SHA|sha_core:cre[0].core|sha256:sha256Block|currentWord[159] ; clock_50_1   ; clock_50_1  ; 20.000       ; 0.235      ; 17.987     ;
; 2.253 ; design_core:design_core_inst|sha_block:SHA|cycleCounter:cycleCounter|counter:cntr|q_cnt[0]          ; design_core:design_core_inst|sha_block:SHA|sha_core:cre[0].core|sha256:sha256Block|currentData[28]  ; clock_50_1   ; clock_50_1  ; 20.000       ; -0.091     ; 17.655     ;
; 2.261 ; design_core:design_core_inst|sha_block:SHA|cycleCounter:cycleCounter|counter:cntr|q_cnt[0]          ; design_core:design_core_inst|sha_block:SHA|sha_core:cre[0].core|sha256:sha256Block|currentWord[20]  ; clock_50_1   ; clock_50_1  ; 20.000       ; -0.116     ; 17.622     ;
; 2.278 ; design_core:design_core_inst|sha_block:SHA|sha_core:cre[0].core|sha256:sha256Block|currentData[140] ; design_core:design_core_inst|sha_block:SHA|sha_core:cre[0].core|sha256:sha256Block|currentWord[28]  ; clock_50_1   ; clock_50_1  ; 20.000       ; -0.459     ; 17.262     ;
; 2.279 ; design_core:design_core_inst|sha_block:SHA|cycleCounter:cycleCounter|counter:cntr|q_cnt[3]          ; design_core:design_core_inst|sha_block:SHA|sha_core:cre[0].core|sha256:sha256Block|currentData[31]  ; clock_50_1   ; clock_50_1  ; 20.000       ; -0.082     ; 17.638     ;
; 2.283 ; design_core:design_core_inst|sha_block:SHA|sha_core:cre[0].core|sha256:sha256Block|currentData[134] ; design_core:design_core_inst|sha_block:SHA|sha_core:cre[0].core|sha256:sha256Block|currentWord[156] ; clock_50_1   ; clock_50_1  ; 20.000       ; -0.092     ; 17.624     ;
; 2.286 ; design_core:design_core_inst|sha_block:SHA|sha_core:cre[0].core|sha256:sha256Block|currentData[166] ; design_core:design_core_inst|sha_block:SHA|sha_core:cre[0].core|sha256:sha256Block|currentData[31]  ; clock_50_1   ; clock_50_1  ; 20.000       ; -0.092     ; 17.621     ;
; 2.286 ; design_core:design_core_inst|sha_block:SHA|cycleCounter:cycleCounter|counter:cntr|q_cnt[2]          ; design_core:design_core_inst|sha_block:SHA|sha_core:cre[0].core|sha256:sha256Block|currentData[28]  ; clock_50_1   ; clock_50_1  ; 20.000       ; -0.091     ; 17.622     ;
; 2.287 ; design_core:design_core_inst|sha_block:SHA|cycleCounter:cycleCounter|counter:cntr|q_cnt[1]          ; design_core:design_core_inst|sha_block:SHA|sha_core:cre[0].core|sha256:sha256Block|currentWord[26]  ; clock_50_1   ; clock_50_1  ; 20.000       ; 0.234      ; 17.946     ;
; 2.294 ; design_core:design_core_inst|sha_block:SHA|cycleCounter:cycleCounter|counter:cntr|q_cnt[2]          ; design_core:design_core_inst|sha_block:SHA|sha_core:cre[0].core|sha256:sha256Block|currentWord[20]  ; clock_50_1   ; clock_50_1  ; 20.000       ; -0.116     ; 17.589     ;
; 2.304 ; design_core:design_core_inst|sha_block:SHA|sha_core:cre[0].core|sha256:sha256Block|currentData[166] ; design_core:design_core_inst|sha_block:SHA|sha_core:cre[0].core|sha256:sha256Block|currentWord[157] ; clock_50_1   ; clock_50_1  ; 20.000       ; -0.103     ; 17.592     ;
; 2.305 ; design_core:design_core_inst|sha_block:SHA|cycleCounter:cycleCounter|counter:cntr|q_cnt[4]          ; design_core:design_core_inst|sha_block:SHA|sha_core:cre[0].core|sha256:sha256Block|currentWord[26]  ; clock_50_1   ; clock_50_1  ; 20.000       ; 0.234      ; 17.928     ;
; 2.315 ; design_core:design_core_inst|sha_block:SHA|sha_core:cre[0].core|sha256:sha256Block|currentData[166] ; design_core:design_core_inst|sha_block:SHA|sha_core:cre[0].core|sha256:sha256Block|currentWord[29]  ; clock_50_1   ; clock_50_1  ; 20.000       ; 0.248      ; 17.932     ;
; 2.315 ; design_core:design_core_inst|sha_block:SHA|cycleCounter:cycleCounter|counter:cntr|q_cnt[3]          ; design_core:design_core_inst|sha_block:SHA|sha_core:cre[0].core|sha256:sha256Block|currentWord[157] ; clock_50_1   ; clock_50_1  ; 20.000       ; -0.112     ; 17.572     ;
; 2.321 ; design_core:design_core_inst|sha_block:SHA|sha_core:cre[0].core|sha256:sha256Block|currentData[134] ; design_core:design_core_inst|sha_block:SHA|sha_core:cre[0].core|sha256:sha256Block|currentWord[24]  ; clock_50_1   ; clock_50_1  ; 20.000       ; -0.107     ; 17.571     ;
; 2.325 ; design_core:design_core_inst|sha_block:SHA|cycleCounter:cycleCounter|counter:cntr|q_cnt[0]          ; design_core:design_core_inst|sha_block:SHA|sha_core:cre[0].core|sha256:sha256Block|currentWord[26]  ; clock_50_1   ; clock_50_1  ; 20.000       ; 0.234      ; 17.908     ;
; 2.329 ; design_core:design_core_inst|sha_block:SHA|sha_core:cre[0].core|sha256:sha256Block|currentData[166] ; design_core:design_core_inst|sha_block:SHA|sha_core:cre[0].core|sha256:sha256Block|currentWord[23]  ; clock_50_1   ; clock_50_1  ; 20.000       ; -0.104     ; 17.566     ;
; 2.335 ; design_core:design_core_inst|sha_block:SHA|sha_core:cre[0].core|sha256:sha256Block|currentData[164] ; design_core:design_core_inst|sha_block:SHA|sha_core:cre[0].core|sha256:sha256Block|currentWord[28]  ; clock_50_1   ; clock_50_1  ; 20.000       ; -0.091     ; 17.573     ;
; 2.339 ; design_core:design_core_inst|sha_block:SHA|sha_core:cre[0].core|sha256:sha256Block|currentData[136] ; design_core:design_core_inst|sha_block:SHA|sha_core:cre[0].core|sha256:sha256Block|currentWord[28]  ; clock_50_1   ; clock_50_1  ; 20.000       ; -0.092     ; 17.568     ;
; 2.345 ; design_core:design_core_inst|sha_block:SHA|cycleCounter:cycleCounter|counter:cntr|q_cnt[3]          ; design_core:design_core_inst|sha_block:SHA|sha_core:cre[0].core|sha256:sha256Block|currentWord[29]  ; clock_50_1   ; clock_50_1  ; 20.000       ; 0.239      ; 17.893     ;
; 2.356 ; design_core:design_core_inst|sha_block:SHA|sha_core:cre[0].core|sha256:sha256Block|currentData[198] ; design_core:design_core_inst|sha_block:SHA|sha_core:cre[0].core|sha256:sha256Block|currentWord[30]  ; clock_50_1   ; clock_50_1  ; 20.000       ; 0.260      ; 17.903     ;
; 2.356 ; design_core:design_core_inst|sha_block:SHA|sha_core:cre[0].core|sha256:sha256Block|currentData[140] ; design_core:design_core_inst|sha_block:SHA|sha_core:cre[0].core|sha256:sha256Block|currentWord[159] ; clock_50_1   ; clock_50_1  ; 20.000       ; -0.132     ; 17.511     ;
; 2.358 ; design_core:design_core_inst|sha_block:SHA|cycleCounter:cycleCounter|counter:cntr|q_cnt[2]          ; design_core:design_core_inst|sha_block:SHA|sha_core:cre[0].core|sha256:sha256Block|currentWord[26]  ; clock_50_1   ; clock_50_1  ; 20.000       ; 0.234      ; 17.875     ;
; 2.359 ; design_core:design_core_inst|sha_block:SHA|cycleCounter:cycleCounter|counter:cntr|q_cnt[3]          ; design_core:design_core_inst|sha_block:SHA|sha_core:cre[0].core|sha256:sha256Block|currentWord[23]  ; clock_50_1   ; clock_50_1  ; 20.000       ; -0.113     ; 17.527     ;
; 2.368 ; design_core:design_core_inst|sha_block:SHA|cycleCounter:cycleCounter|counter:cntr|q_cnt[1]          ; design_core:design_core_inst|sha_block:SHA|sha_core:cre[0].core|sha256:sha256Block|currentWord[17]  ; clock_50_1   ; clock_50_1  ; 20.000       ; -0.116     ; 17.515     ;
; 2.371 ; design_core:design_core_inst|sha_block:SHA|sha_core:cre[0].core|sha256:sha256Block|currentData[198] ; design_core:design_core_inst|sha_block:SHA|sha_core:cre[0].core|sha256:sha256Block|currentWord[31]  ; clock_50_1   ; clock_50_1  ; 20.000       ; 0.243      ; 17.871     ;
; 2.375 ; design_core:design_core_inst|sha_block:SHA|cycleCounter:cycleCounter|counter:cntr|q_cnt[1]          ; design_core:design_core_inst|sha_block:SHA|sha_core:cre[0].core|sha256:sha256Block|currentWord[150] ; clock_50_1   ; clock_50_1  ; 20.000       ; -0.117     ; 17.507     ;
; 2.386 ; design_core:design_core_inst|sha_block:SHA|cycleCounter:cycleCounter|counter:cntr|q_cnt[4]          ; design_core:design_core_inst|sha_block:SHA|sha_core:cre[0].core|sha256:sha256Block|currentWord[17]  ; clock_50_1   ; clock_50_1  ; 20.000       ; -0.116     ; 17.497     ;
; 2.391 ; design_core:design_core_inst|sha_block:SHA|sha_core:cre[0].core|sha256:sha256Block|currentData[134] ; design_core:design_core_inst|sha_block:SHA|sha_core:cre[0].core|sha256:sha256Block|currentData[31]  ; clock_50_1   ; clock_50_1  ; 20.000       ; -0.092     ; 17.516     ;
; 2.393 ; design_core:design_core_inst|sha_block:SHA|cycleCounter:cycleCounter|counter:cntr|q_cnt[4]          ; design_core:design_core_inst|sha_block:SHA|sha_core:cre[0].core|sha256:sha256Block|currentWord[150] ; clock_50_1   ; clock_50_1  ; 20.000       ; -0.117     ; 17.489     ;
; 2.405 ; design_core:design_core_inst|sha_block:SHA|sha_core:cre[0].core|sha256:sha256Block|currentData[198] ; design_core:design_core_inst|sha_block:SHA|sha_core:cre[0].core|sha256:sha256Block|currentWord[159] ; clock_50_1   ; clock_50_1  ; 20.000       ; 0.235      ; 17.829     ;
; 2.406 ; design_core:design_core_inst|sha_block:SHA|cycleCounter:cycleCounter|counter:cntr|q_cnt[0]          ; design_core:design_core_inst|sha_block:SHA|sha_core:cre[0].core|sha256:sha256Block|currentWord[17]  ; clock_50_1   ; clock_50_1  ; 20.000       ; -0.116     ; 17.477     ;
; 2.409 ; design_core:design_core_inst|sha_block:SHA|sha_core:cre[0].core|sha256:sha256Block|currentData[134] ; design_core:design_core_inst|sha_block:SHA|sha_core:cre[0].core|sha256:sha256Block|currentWord[157] ; clock_50_1   ; clock_50_1  ; 20.000       ; -0.103     ; 17.487     ;
; 2.411 ; design_core:design_core_inst|sha_block:SHA|sha_core:cre[0].core|sha256:sha256Block|currentData[168] ; design_core:design_core_inst|sha_block:SHA|sha_core:cre[0].core|sha256:sha256Block|currentWord[30]  ; clock_50_1   ; clock_50_1  ; 20.000       ; 0.260      ; 17.848     ;
; 2.413 ; design_core:design_core_inst|sha_block:SHA|cycleCounter:cycleCounter|counter:cntr|q_cnt[0]          ; design_core:design_core_inst|sha_block:SHA|sha_core:cre[0].core|sha256:sha256Block|currentWord[150] ; clock_50_1   ; clock_50_1  ; 20.000       ; -0.117     ; 17.469     ;
; 2.419 ; design_core:design_core_inst|sha_block:SHA|sha_core:cre[0].core|sha256:sha256Block|currentData[161] ; design_core:design_core_inst|sha_block:SHA|sha_core:cre[0].core|sha256:sha256Block|currentWord[28]  ; clock_50_1   ; clock_50_1  ; 20.000       ; -0.080     ; 17.500     ;
; 2.420 ; design_core:design_core_inst|sha_block:SHA|sha_core:cre[0].core|sha256:sha256Block|currentData[134] ; design_core:design_core_inst|sha_block:SHA|sha_core:cre[0].core|sha256:sha256Block|currentWord[29]  ; clock_50_1   ; clock_50_1  ; 20.000       ; 0.248      ; 17.827     ;
; 2.420 ; design_core:design_core_inst|sha_block:SHA|sha_core:cre[0].core|sha256:sha256Block|currentData[194] ; design_core:design_core_inst|sha_block:SHA|sha_core:cre[0].core|sha256:sha256Block|currentWord[28]  ; clock_50_1   ; clock_50_1  ; 20.000       ; -0.083     ; 17.496     ;
; 2.424 ; design_core:design_core_inst|sha_block:SHA|sha_core:cre[0].core|sha256:sha256Block|currentData[166] ; design_core:design_core_inst|sha_block:SHA|sha_core:cre[0].core|sha256:sha256Block|currentData[28]  ; clock_50_1   ; clock_50_1  ; 20.000       ; -0.101     ; 17.474     ;
+-------+-----------------------------------------------------------------------------------------------------+-----------------------------------------------------------------------------------------------------+--------------+-------------+--------------+------------+------------+


